<?xml version="1.0" encoding="UTF-8"?>
<!-- Generated by org.testng.reporters.JUnitXMLReporter -->
<testsuite ignored="0" hostname="zenvia-001965" failures="2" tests="6" name="Login - OS X Catalina - Chrome 85" time="121.816" errors="0" timestamp="2020-12-17T16:25:28 BRT">
  <testcase classname="test.LoginTest" name="requiredFields" time="4.24"/>
  <testcase classname="test.LoginTest" name="invalidEmail1" time="4.104"/>
  <testcase classname="test.LoginTest" name="invalidEmail2" time="4.792"/>
  <testcase classname="test.LoginTest" name="invalidEmail3" time="4.125"/>
  <testcase classname="test.LoginTest" name="invalidPassword" time="4.443">
    <failure type="java.lang.AssertionError" message="expected [Wrong email or password.] but found []">
      <![CDATA[java.lang.AssertionError: expected [Wrong email or password.] but found []
at test.LoginTest.invalidPassword(LoginTest.java:85)
at java.base/java.util.ArrayList.forEach(ArrayList.java:1541)
... Removed 36 stack frames]]>
    </failure>
  </testcase> <!-- invalidPassword -->
  <testcase classname="test.LoginTest" name="loginSuccessfully" time="24.779">
    <failure type="org.openqa.selenium.NoSuchElementException" message="Element not found: no such element: Unable to locate element: {&amp;quot;method&amp;quot;:&amp;quot;xpath&amp;quot;,&amp;quot;selector&amp;quot;:&amp;quot;//span[contains(text(),&amp;apos;Início&amp;apos;)]&amp;quot;}
  (Session info: chrome=85.0.4183.83)
  (Driver info: chromedriver=85.0.4183.38 (9047dbc2c693f044042bbec5c91401c708c7c26a-refs/branch-heads/4183@{#779}),platform=Mac OS X 10.15.6 x86_64) (WARNING: The server did not provide any stacktrace information)
Command duration or timeout: 20.18 seconds
For documentation on this error, please visit: http://seleniumhq.org/exceptions/no_such_element.html
Build info: version: &amp;apos;2.53.0&amp;apos;, revision: &amp;apos;35ae25b&amp;apos;, time: &amp;apos;2016-03-15 17:00:58&amp;apos;
System info: host: &amp;apos;mac-208-52-145-214.browserstack.com&amp;apos;, ip: &amp;apos;208.52.145.214&amp;apos;, os.name: &amp;apos;Mac OS X&amp;apos;, os.arch: &amp;apos;x86_64&amp;apos;, os.version: &amp;apos;10.15.6&amp;apos;, java.version: &amp;apos;1.8.0_51&amp;apos;
Driver info: org.openqa.selenium.chrome.ChromeDriver
Capabilities [{mobileEmulationEnabled=false, timeouts={implicit=0, pageLoad=300000, script=30000}, hasTouchScreen=false, platform=MAC, acceptSslCerts=false, goog:chromeOptions={debuggerAddress=localhost:62112}, acceptInsecureCerts=false, webStorageEnabled=true, browserName=chrome, takesScreenshot=true, javascriptEnabled=true, setWindowRect=true, unexpectedAlertBehaviour=ignore, applicationCacheEnabled=false, rotatable=false, networkConnectionEnabled=false, chrome={chromedriverVersion=85.0.4183.38 (9047dbc2c693f044042bbec5c91401c708c7c26a-refs/branch-heads/4183@{#779}), userDataDir=/var/folders/3y/zz_w6_s56sl__vcrf3r5bhzr0000hr/T/.com.google.Chrome.tNrLEv}, takesHeapSnapshot=true, pageLoadStrategy=normal, strictFileInteractability=false, databaseEnabled=false, handlesAlerts=true, version=85.0.4183.83, browserConnectionEnabled=false, proxy={}, nativeEvents=true, locationContextEnabled=true, cssSelectorsEnabled=true, webauthn:virtualAuthenticators=true}]
Session ID: 95fc96520efee92b0a2e555c8bdbb6f2
*** Element info: {Using=xpath, value=//span[contains(text(),&amp;apos;Início&amp;apos;)]}
Command duration or timeout: 0 milliseconds
For documentation on this error, please visit: https://www.seleniumhq.org/exceptions/no_such_element.html
Build info: version: &amp;apos;3.141.59&amp;apos;, revision: &amp;apos;e82be7d358&amp;apos;, time: &amp;apos;2018-11-14T08:17:03&amp;apos;
System info: host: &amp;apos;zenvia-001965&amp;apos;, ip: &amp;apos;127.0.1.1&amp;apos;, os.name: &amp;apos;Linux&amp;apos;, os.arch: &amp;apos;amd64&amp;apos;, os.version: &amp;apos;5.4.0-58-generic&amp;apos;, java.version: &amp;apos;11.0.9.1&amp;apos;
Driver info: driver.version: unknown">
      <![CDATA[org.openqa.selenium.NoSuchElementException: Element not found: no such element: Unable to locate element: {"method":"xpath","selector":"//span[contains(text(),'Início')]"}
  (Session info: chrome=85.0.4183.83)
  (Driver info: chromedriver=85.0.4183.38 (9047dbc2c693f044042bbec5c91401c708c7c26a-refs/branch-heads/4183@{#779}),platform=Mac OS X 10.15.6 x86_64) (WARNING: The server did not provide any stacktrace information)
Command duration or timeout: 20.18 seconds
For documentation on this error, please visit: http://seleniumhq.org/exceptions/no_such_element.html
Build info: version: '2.53.0', revision: '35ae25b', time: '2016-03-15 17:00:58'
System info: host: 'mac-208-52-145-214.browserstack.com', ip: '208.52.145.214', os.name: 'Mac OS X', os.arch: 'x86_64', os.version: '10.15.6', java.version: '1.8.0_51'
Driver info: org.openqa.selenium.chrome.ChromeDriver
Capabilities [{mobileEmulationEnabled=false, timeouts={implicit=0, pageLoad=300000, script=30000}, hasTouchScreen=false, platform=MAC, acceptSslCerts=false, goog:chromeOptions={debuggerAddress=localhost:62112}, acceptInsecureCerts=false, webStorageEnabled=true, browserName=chrome, takesScreenshot=true, javascriptEnabled=true, setWindowRect=true, unexpectedAlertBehaviour=ignore, applicationCacheEnabled=false, rotatable=false, networkConnectionEnabled=false, chrome={chromedriverVersion=85.0.4183.38 (9047dbc2c693f044042bbec5c91401c708c7c26a-refs/branch-heads/4183@{#779}), userDataDir=/var/folders/3y/zz_w6_s56sl__vcrf3r5bhzr0000hr/T/.com.google.Chrome.tNrLEv}, takesHeapSnapshot=true, pageLoadStrategy=normal, strictFileInteractability=false, databaseEnabled=false, handlesAlerts=true, version=85.0.4183.83, browserConnectionEnabled=false, proxy={}, nativeEvents=true, locationContextEnabled=true, cssSelectorsEnabled=true, webauthn:virtualAuthenticators=true}]
Session ID: 95fc96520efee92b0a2e555c8bdbb6f2
*** Element info: {Using=xpath, value=//span[contains(text(),'Início')]}
Command duration or timeout: 0 milliseconds
For documentation on this error, please visit: https://www.seleniumhq.org/exceptions/no_such_element.html
Build info: version: '3.141.59', revision: 'e82be7d358', time: '2018-11-14T08:17:03'
System info: host: 'zenvia-001965', ip: '127.0.1.1', os.name: 'Linux', os.arch: 'amd64', os.version: '5.4.0-58-generic', java.version: '11.0.9.1'
Driver info: driver.version: unknown
at core.BasePage.getValue(BasePage.java:81)
at test.LoginTest.loginSuccessfully(LoginTest.java:92)
at java.base/java.util.ArrayList.forEach(ArrayList.java:1541)
... Removed 31 stack frames]]>
    </failure>
  </testcase> <!-- loginSuccessfully -->
</testsuite> <!-- Login - OS X Catalina - Chrome 85 -->
