<?xml version="1.0" encoding="UTF-8"?>
<!-- Generated by org.testng.reporters.JUnitXMLReporter -->
<testsuite ignored="0" hostname="zenvia-001965" failures="1" tests="6" name="Login - OS X Catalina - Firefox 80" time="159.468" errors="0" timestamp="2020-12-17T16:23:26 BRT">
  <testcase classname="test.LoginTest" name="requiredFields" time="4.324"/>
  <testcase classname="test.LoginTest" name="invalidEmail1" time="3.755"/>
  <testcase classname="test.LoginTest" name="invalidEmail2" time="4.005"/>
  <testcase classname="test.LoginTest" name="invalidEmail3" time="5.248"/>
  <testcase classname="test.LoginTest" name="invalidPassword" time="4.05"/>
  <testcase classname="test.LoginTest" name="loginSuccessfully" time="24.365">
    <failure type="org.openqa.selenium.NoSuchElementException" message="Element not found: Unable to locate element: //span[contains(text(),&amp;apos;Início&amp;apos;)]
For documentation on this error, please visit: https://www.seleniumhq.org/exceptions/no_such_element.html
Build info: version: &amp;apos;3.141.59&amp;apos;, revision: &amp;apos;e82be7d358&amp;apos;, time: &amp;apos;2018-11-14T08:17:03&amp;apos;
System info: host: &amp;apos;zenvia-001965&amp;apos;, ip: &amp;apos;127.0.1.1&amp;apos;, os.name: &amp;apos;Linux&amp;apos;, os.arch: &amp;apos;amd64&amp;apos;, os.version: &amp;apos;5.4.0-58-generic&amp;apos;, java.version: &amp;apos;11.0.9.1&amp;apos;
Driver info: org.openqa.selenium.remote.RemoteWebDriver
Capabilities {acceptInsecureCerts: true, browserName: firefox, browserVersion: 80.0, javascriptEnabled: true, moz:accessibilityChecks: false, moz:buildID: 20200818235255, moz:geckodriverVersion: 0.27.0, moz:headless: false, moz:processID: 41894, moz:profile: /var/folders/3y/zz_w6_s56sl..., moz:shutdownTimeout: 60000, moz:useNonSpecCompliantPointerOrigin: false, moz:webdriverClick: true, pageLoadStrategy: normal, platform: MAC, platformName: MAC, platformVersion: 19.6.0, rotatable: false, setWindowRect: true, strictFileInteractability: false, timeouts: {implicit: 0, pageLoad: 300000, script: 30000}, unhandledPromptBehavior: dismiss and notify, webdriver.remote.sessionid: a7934c1df2e5d87485e87fc8a37...}
Session ID: a7934c1df2e5d87485e87fc8a37edc1c5c467b2a
*** Element info: {Using=xpath, value=//span[contains(text(),&amp;apos;Início&amp;apos;)]}
For documentation on this error, please visit: https://www.seleniumhq.org/exceptions/no_such_element.html
Build info: version: &amp;apos;3.141.59&amp;apos;, revision: &amp;apos;e82be7d358&amp;apos;, time: &amp;apos;2018-11-14T08:17:03&amp;apos;
System info: host: &amp;apos;zenvia-001965&amp;apos;, ip: &amp;apos;127.0.1.1&amp;apos;, os.name: &amp;apos;Linux&amp;apos;, os.arch: &amp;apos;amd64&amp;apos;, os.version: &amp;apos;5.4.0-58-generic&amp;apos;, java.version: &amp;apos;11.0.9.1&amp;apos;
Driver info: driver.version: unknown">
      <![CDATA[org.openqa.selenium.NoSuchElementException: Element not found: Unable to locate element: //span[contains(text(),'Início')]
For documentation on this error, please visit: https://www.seleniumhq.org/exceptions/no_such_element.html
Build info: version: '3.141.59', revision: 'e82be7d358', time: '2018-11-14T08:17:03'
System info: host: 'zenvia-001965', ip: '127.0.1.1', os.name: 'Linux', os.arch: 'amd64', os.version: '5.4.0-58-generic', java.version: '11.0.9.1'
Driver info: org.openqa.selenium.remote.RemoteWebDriver
Capabilities {acceptInsecureCerts: true, browserName: firefox, browserVersion: 80.0, javascriptEnabled: true, moz:accessibilityChecks: false, moz:buildID: 20200818235255, moz:geckodriverVersion: 0.27.0, moz:headless: false, moz:processID: 41894, moz:profile: /var/folders/3y/zz_w6_s56sl..., moz:shutdownTimeout: 60000, moz:useNonSpecCompliantPointerOrigin: false, moz:webdriverClick: true, pageLoadStrategy: normal, platform: MAC, platformName: MAC, platformVersion: 19.6.0, rotatable: false, setWindowRect: true, strictFileInteractability: false, timeouts: {implicit: 0, pageLoad: 300000, script: 30000}, unhandledPromptBehavior: dismiss and notify, webdriver.remote.sessionid: a7934c1df2e5d87485e87fc8a37...}
Session ID: a7934c1df2e5d87485e87fc8a37edc1c5c467b2a
*** Element info: {Using=xpath, value=//span[contains(text(),'Início')]}
For documentation on this error, please visit: https://www.seleniumhq.org/exceptions/no_such_element.html
Build info: version: '3.141.59', revision: 'e82be7d358', time: '2018-11-14T08:17:03'
System info: host: 'zenvia-001965', ip: '127.0.1.1', os.name: 'Linux', os.arch: 'amd64', os.version: '5.4.0-58-generic', java.version: '11.0.9.1'
Driver info: driver.version: unknown
at core.BasePage.getValue(BasePage.java:81)
at test.LoginTest.loginSuccessfully(LoginTest.java:92)
at java.base/java.util.ArrayList.forEach(ArrayList.java:1541)
... Removed 31 stack frames]]>
    </failure>
  </testcase> <!-- loginSuccessfully -->
</testsuite> <!-- Login - OS X Catalina - Firefox 80 -->
