<?xml version="1.0" encoding="UTF-8"?>
<testsuite xmlns:xsi="http://www.w3.org/2001/XMLSchema-instance" xsi:noNamespaceSchemaLocation="https://maven.apache.org/surefire/maven-surefire-plugin/xsd/surefire-test-report-3.0.xsd" version="3.0" name="TestSuite" time="1,010.57" tests="36" errors="0" skipped="0" failures="7">
  <properties>
    <property name="sun.desktop" value="gnome"/>
    <property name="awt.toolkit" value="sun.awt.X11.XToolkit"/>
    <property name="java.specification.version" value="11"/>
    <property name="sun.cpu.isalist" value=""/>
    <property name="sun.jnu.encoding" value="UTF-8"/>
    <property name="java.class.path" value="/home/anderson.mann/git/cloud-web-automation-test/web-desktop-automated-test/target/test-classes:/home/anderson.mann/git/cloud-web-automation-test/web-desktop-automated-test/target/classes:/home/anderson.mann/.m2/repository/org/seleniumhq/selenium/selenium-java/3.141.59/selenium-java-3.141.59.jar:/home/anderson.mann/.m2/repository/org/seleniumhq/selenium/selenium-api/3.141.59/selenium-api-3.141.59.jar:/home/anderson.mann/.m2/repository/org/seleniumhq/selenium/selenium-chrome-driver/3.141.59/selenium-chrome-driver-3.141.59.jar:/home/anderson.mann/.m2/repository/org/seleniumhq/selenium/selenium-edge-driver/3.141.59/selenium-edge-driver-3.141.59.jar:/home/anderson.mann/.m2/repository/org/seleniumhq/selenium/selenium-firefox-driver/3.141.59/selenium-firefox-driver-3.141.59.jar:/home/anderson.mann/.m2/repository/org/seleniumhq/selenium/selenium-ie-driver/3.141.59/selenium-ie-driver-3.141.59.jar:/home/anderson.mann/.m2/repository/org/seleniumhq/selenium/selenium-opera-driver/3.141.59/selenium-opera-driver-3.141.59.jar:/home/anderson.mann/.m2/repository/org/seleniumhq/selenium/selenium-remote-driver/3.141.59/selenium-remote-driver-3.141.59.jar:/home/anderson.mann/.m2/repository/org/seleniumhq/selenium/selenium-safari-driver/3.141.59/selenium-safari-driver-3.141.59.jar:/home/anderson.mann/.m2/repository/org/seleniumhq/selenium/selenium-support/3.141.59/selenium-support-3.141.59.jar:/home/anderson.mann/.m2/repository/net/bytebuddy/byte-buddy/1.8.15/byte-buddy-1.8.15.jar:/home/anderson.mann/.m2/repository/org/apache/commons/commons-exec/1.3/commons-exec-1.3.jar:/home/anderson.mann/.m2/repository/com/google/guava/guava/25.0-jre/guava-25.0-jre.jar:/home/anderson.mann/.m2/repository/com/google/code/findbugs/jsr305/1.3.9/jsr305-1.3.9.jar:/home/anderson.mann/.m2/repository/org/checkerframework/checker-compat-qual/2.0.0/checker-compat-qual-2.0.0.jar:/home/anderson.mann/.m2/repository/com/google/errorprone/error_prone_annotations/2.1.3/error_prone_annotations-2.1.3.jar:/home/anderson.mann/.m2/repository/com/google/j2objc/j2objc-annotations/1.1/j2objc-annotations-1.1.jar:/home/anderson.mann/.m2/repository/org/codehaus/mojo/animal-sniffer-annotations/1.14/animal-sniffer-annotations-1.14.jar:/home/anderson.mann/.m2/repository/com/squareup/okhttp3/okhttp/3.11.0/okhttp-3.11.0.jar:/home/anderson.mann/.m2/repository/com/squareup/okio/okio/1.14.0/okio-1.14.0.jar:/home/anderson.mann/.m2/repository/org/testng/testng/7.1.0/testng-7.1.0.jar:/home/anderson.mann/.m2/repository/com/beust/jcommander/1.72/jcommander-1.72.jar:/home/anderson.mann/.m2/repository/com/google/inject/guice/4.1.0/guice-4.1.0-no_aop.jar:/home/anderson.mann/.m2/repository/javax/inject/javax.inject/1/javax.inject-1.jar:/home/anderson.mann/.m2/repository/aopalliance/aopalliance/1.0/aopalliance-1.0.jar:/home/anderson.mann/.m2/repository/org/yaml/snakeyaml/1.21/snakeyaml-1.21.jar:/home/anderson.mann/.m2/repository/io/appium/java-client/7.3.0/java-client-7.3.0.jar:/home/anderson.mann/.m2/repository/com/google/code/gson/gson/2.8.5/gson-2.8.5.jar:/home/anderson.mann/.m2/repository/org/apache/httpcomponents/httpclient/4.5.9/httpclient-4.5.9.jar:/home/anderson.mann/.m2/repository/org/apache/httpcomponents/httpcore/4.4.11/httpcore-4.4.11.jar:/home/anderson.mann/.m2/repository/commons-logging/commons-logging/1.2/commons-logging-1.2.jar:/home/anderson.mann/.m2/repository/commons-codec/commons-codec/1.11/commons-codec-1.11.jar:/home/anderson.mann/.m2/repository/cglib/cglib/3.2.12/cglib-3.2.12.jar:/home/anderson.mann/.m2/repository/org/ow2/asm/asm/7.1/asm-7.1.jar:/home/anderson.mann/.m2/repository/commons-validator/commons-validator/1.6/commons-validator-1.6.jar:/home/anderson.mann/.m2/repository/commons-beanutils/commons-beanutils/1.9.2/commons-beanutils-1.9.2.jar:/home/anderson.mann/.m2/repository/commons-digester/commons-digester/1.8.1/commons-digester-1.8.1.jar:/home/anderson.mann/.m2/repository/commons-collections/commons-collections/3.2.2/commons-collections-3.2.2.jar:/home/anderson.mann/.m2/repository/org/apache/commons/commons-lang3/3.9/commons-lang3-3.9.jar:/home/anderson.mann/.m2/repository/commons-io/commons-io/2.6/commons-io-2.6.jar:/home/anderson.mann/.m2/repository/org/springframework/spring-context/5.1.8.RELEASE/spring-context-5.1.8.RELEASE.jar:/home/anderson.mann/.m2/repository/org/springframework/spring-aop/5.1.8.RELEASE/spring-aop-5.1.8.RELEASE.jar:/home/anderson.mann/.m2/repository/org/springframework/spring-beans/5.1.8.RELEASE/spring-beans-5.1.8.RELEASE.jar:/home/anderson.mann/.m2/repository/org/springframework/spring-core/5.1.8.RELEASE/spring-core-5.1.8.RELEASE.jar:/home/anderson.mann/.m2/repository/org/springframework/spring-jcl/5.1.8.RELEASE/spring-jcl-5.1.8.RELEASE.jar:/home/anderson.mann/.m2/repository/org/springframework/spring-expression/5.1.8.RELEASE/spring-expression-5.1.8.RELEASE.jar:/home/anderson.mann/.m2/repository/org/aspectj/aspectjweaver/1.9.4/aspectjweaver-1.9.4.jar:/home/anderson.mann/.m2/repository/org/slf4j/slf4j-api/1.7.26/slf4j-api-1.7.26.jar:/home/anderson.mann/.m2/repository/io/github/bonigarcia/webdrivermanager/3.4.0/webdrivermanager-3.4.0.jar:/home/anderson.mann/.m2/repository/org/rauschig/jarchivelib/1.0.0/jarchivelib-1.0.0.jar:/home/anderson.mann/.m2/repository/org/apache/commons/commons-compress/1.18/commons-compress-1.18.jar:/home/anderson.mann/.m2/repository/org/jsoup/jsoup/1.11.3/jsoup-1.11.3.jar:/home/anderson.mann/.m2/repository/com/aventstack/extentreports/4.0.9/extentreports-4.0.9.jar:/home/anderson.mann/.m2/repository/org/freemarker/freemarker/2.3.23/freemarker-2.3.23.jar:/home/anderson.mann/.m2/repository/org/mongodb/mongodb-driver/3.3.0/mongodb-driver-3.3.0.jar:/home/anderson.mann/.m2/repository/org/mongodb/mongodb-driver-core/3.3.0/mongodb-driver-core-3.3.0.jar:/home/anderson.mann/.m2/repository/org/mongodb/bson/3.3.0/bson-3.3.0.jar:/home/anderson.mann/.m2/repository/org/apache/httpcomponents/httpmime/4.5.2/httpmime-4.5.2.jar:"/>
    <property name="java.vm.vendor" value="Ubuntu"/>
    <property name="sun.arch.data.model" value="64"/>
    <property name="java.vendor.url" value="https://ubuntu.com/"/>
    <property name="user.timezone" value="America/Sao_Paulo"/>
    <property name="user.country.format" value="BR"/>
    <property name="java.vm.specification.version" value="11"/>
    <property name="os.name" value="Linux"/>
    <property name="sun.java.launcher" value="SUN_STANDARD"/>
    <property name="user.country" value="US"/>
    <property name="sun.boot.library.path" value="/usr/lib/jvm/java-11-openjdk-amd64/lib"/>
    <property name="sun.java.command" value="/home/anderson.mann/git/cloud-web-automation-test/web-desktop-automated-test/target/surefire/surefirebooter16034406137015417734.jar /home/anderson.mann/git/cloud-web-automation-test/web-desktop-automated-test/target/surefire 2020-12-17T16-10-26_371-jvmRun1 surefire3918979054797938273tmp surefire_06451557998681438939tmp"/>
    <property name="jdk.debug" value="release"/>
    <property name="surefire.test.class.path" value="/home/anderson.mann/git/cloud-web-automation-test/web-desktop-automated-test/target/test-classes:/home/anderson.mann/git/cloud-web-automation-test/web-desktop-automated-test/target/classes:/home/anderson.mann/.m2/repository/org/seleniumhq/selenium/selenium-java/3.141.59/selenium-java-3.141.59.jar:/home/anderson.mann/.m2/repository/org/seleniumhq/selenium/selenium-api/3.141.59/selenium-api-3.141.59.jar:/home/anderson.mann/.m2/repository/org/seleniumhq/selenium/selenium-chrome-driver/3.141.59/selenium-chrome-driver-3.141.59.jar:/home/anderson.mann/.m2/repository/org/seleniumhq/selenium/selenium-edge-driver/3.141.59/selenium-edge-driver-3.141.59.jar:/home/anderson.mann/.m2/repository/org/seleniumhq/selenium/selenium-firefox-driver/3.141.59/selenium-firefox-driver-3.141.59.jar:/home/anderson.mann/.m2/repository/org/seleniumhq/selenium/selenium-ie-driver/3.141.59/selenium-ie-driver-3.141.59.jar:/home/anderson.mann/.m2/repository/org/seleniumhq/selenium/selenium-opera-driver/3.141.59/selenium-opera-driver-3.141.59.jar:/home/anderson.mann/.m2/repository/org/seleniumhq/selenium/selenium-remote-driver/3.141.59/selenium-remote-driver-3.141.59.jar:/home/anderson.mann/.m2/repository/org/seleniumhq/selenium/selenium-safari-driver/3.141.59/selenium-safari-driver-3.141.59.jar:/home/anderson.mann/.m2/repository/org/seleniumhq/selenium/selenium-support/3.141.59/selenium-support-3.141.59.jar:/home/anderson.mann/.m2/repository/net/bytebuddy/byte-buddy/1.8.15/byte-buddy-1.8.15.jar:/home/anderson.mann/.m2/repository/org/apache/commons/commons-exec/1.3/commons-exec-1.3.jar:/home/anderson.mann/.m2/repository/com/google/guava/guava/25.0-jre/guava-25.0-jre.jar:/home/anderson.mann/.m2/repository/com/google/code/findbugs/jsr305/1.3.9/jsr305-1.3.9.jar:/home/anderson.mann/.m2/repository/org/checkerframework/checker-compat-qual/2.0.0/checker-compat-qual-2.0.0.jar:/home/anderson.mann/.m2/repository/com/google/errorprone/error_prone_annotations/2.1.3/error_prone_annotations-2.1.3.jar:/home/anderson.mann/.m2/repository/com/google/j2objc/j2objc-annotations/1.1/j2objc-annotations-1.1.jar:/home/anderson.mann/.m2/repository/org/codehaus/mojo/animal-sniffer-annotations/1.14/animal-sniffer-annotations-1.14.jar:/home/anderson.mann/.m2/repository/com/squareup/okhttp3/okhttp/3.11.0/okhttp-3.11.0.jar:/home/anderson.mann/.m2/repository/com/squareup/okio/okio/1.14.0/okio-1.14.0.jar:/home/anderson.mann/.m2/repository/org/testng/testng/7.1.0/testng-7.1.0.jar:/home/anderson.mann/.m2/repository/com/beust/jcommander/1.72/jcommander-1.72.jar:/home/anderson.mann/.m2/repository/com/google/inject/guice/4.1.0/guice-4.1.0-no_aop.jar:/home/anderson.mann/.m2/repository/javax/inject/javax.inject/1/javax.inject-1.jar:/home/anderson.mann/.m2/repository/aopalliance/aopalliance/1.0/aopalliance-1.0.jar:/home/anderson.mann/.m2/repository/org/yaml/snakeyaml/1.21/snakeyaml-1.21.jar:/home/anderson.mann/.m2/repository/io/appium/java-client/7.3.0/java-client-7.3.0.jar:/home/anderson.mann/.m2/repository/com/google/code/gson/gson/2.8.5/gson-2.8.5.jar:/home/anderson.mann/.m2/repository/org/apache/httpcomponents/httpclient/4.5.9/httpclient-4.5.9.jar:/home/anderson.mann/.m2/repository/org/apache/httpcomponents/httpcore/4.4.11/httpcore-4.4.11.jar:/home/anderson.mann/.m2/repository/commons-logging/commons-logging/1.2/commons-logging-1.2.jar:/home/anderson.mann/.m2/repository/commons-codec/commons-codec/1.11/commons-codec-1.11.jar:/home/anderson.mann/.m2/repository/cglib/cglib/3.2.12/cglib-3.2.12.jar:/home/anderson.mann/.m2/repository/org/ow2/asm/asm/7.1/asm-7.1.jar:/home/anderson.mann/.m2/repository/commons-validator/commons-validator/1.6/commons-validator-1.6.jar:/home/anderson.mann/.m2/repository/commons-beanutils/commons-beanutils/1.9.2/commons-beanutils-1.9.2.jar:/home/anderson.mann/.m2/repository/commons-digester/commons-digester/1.8.1/commons-digester-1.8.1.jar:/home/anderson.mann/.m2/repository/commons-collections/commons-collections/3.2.2/commons-collections-3.2.2.jar:/home/anderson.mann/.m2/repository/org/apache/commons/commons-lang3/3.9/commons-lang3-3.9.jar:/home/anderson.mann/.m2/repository/commons-io/commons-io/2.6/commons-io-2.6.jar:/home/anderson.mann/.m2/repository/org/springframework/spring-context/5.1.8.RELEASE/spring-context-5.1.8.RELEASE.jar:/home/anderson.mann/.m2/repository/org/springframework/spring-aop/5.1.8.RELEASE/spring-aop-5.1.8.RELEASE.jar:/home/anderson.mann/.m2/repository/org/springframework/spring-beans/5.1.8.RELEASE/spring-beans-5.1.8.RELEASE.jar:/home/anderson.mann/.m2/repository/org/springframework/spring-core/5.1.8.RELEASE/spring-core-5.1.8.RELEASE.jar:/home/anderson.mann/.m2/repository/org/springframework/spring-jcl/5.1.8.RELEASE/spring-jcl-5.1.8.RELEASE.jar:/home/anderson.mann/.m2/repository/org/springframework/spring-expression/5.1.8.RELEASE/spring-expression-5.1.8.RELEASE.jar:/home/anderson.mann/.m2/repository/org/aspectj/aspectjweaver/1.9.4/aspectjweaver-1.9.4.jar:/home/anderson.mann/.m2/repository/org/slf4j/slf4j-api/1.7.26/slf4j-api-1.7.26.jar:/home/anderson.mann/.m2/repository/io/github/bonigarcia/webdrivermanager/3.4.0/webdrivermanager-3.4.0.jar:/home/anderson.mann/.m2/repository/org/rauschig/jarchivelib/1.0.0/jarchivelib-1.0.0.jar:/home/anderson.mann/.m2/repository/org/apache/commons/commons-compress/1.18/commons-compress-1.18.jar:/home/anderson.mann/.m2/repository/org/jsoup/jsoup/1.11.3/jsoup-1.11.3.jar:/home/anderson.mann/.m2/repository/com/aventstack/extentreports/4.0.9/extentreports-4.0.9.jar:/home/anderson.mann/.m2/repository/org/freemarker/freemarker/2.3.23/freemarker-2.3.23.jar:/home/anderson.mann/.m2/repository/org/mongodb/mongodb-driver/3.3.0/mongodb-driver-3.3.0.jar:/home/anderson.mann/.m2/repository/org/mongodb/mongodb-driver-core/3.3.0/mongodb-driver-core-3.3.0.jar:/home/anderson.mann/.m2/repository/org/mongodb/bson/3.3.0/bson-3.3.0.jar:/home/anderson.mann/.m2/repository/org/apache/httpcomponents/httpmime/4.5.2/httpmime-4.5.2.jar:"/>
    <property name="sun.cpu.endian" value="little"/>
    <property name="user.home" value="/home/anderson.mann"/>
    <property name="user.language" value="en"/>
    <property name="java.specification.vendor" value="Oracle Corporation"/>
    <property name="java.version.date" value="2020-11-04"/>
    <property name="java.home" value="/usr/lib/jvm/java-11-openjdk-amd64"/>
    <property name="file.separator" value="/"/>
    <property name="basedir" value="/home/anderson.mann/git/cloud-web-automation-test/web-desktop-automated-test"/>
    <property name="java.vm.compressedOopsMode" value="Zero based"/>
    <property name="line.separator" value="&#10;"/>
    <property name="java.specification.name" value="Java Platform API Specification"/>
    <property name="java.vm.specification.vendor" value="Oracle Corporation"/>
    <property name="java.awt.graphicsenv" value="sun.awt.X11GraphicsEnvironment"/>
    <property name="surefire.real.class.path" value="/home/anderson.mann/git/cloud-web-automation-test/web-desktop-automated-test/target/surefire/surefirebooter16034406137015417734.jar"/>
    <property name="sun.management.compiler" value="HotSpot 64-Bit Tiered Compilers"/>
    <property name="java.runtime.version" value="11.0.9.1+1-Ubuntu-0ubuntu1.20.04"/>
    <property name="user.name" value="anderson.mann"/>
    <property name="path.separator" value=":"/>
    <property name="os.version" value="5.4.0-58-generic"/>
    <property name="java.runtime.name" value="OpenJDK Runtime Environment"/>
    <property name="file.encoding" value="UTF-8"/>
    <property name="java.vm.name" value="OpenJDK 64-Bit Server VM"/>
    <property name="localRepository" value="/home/anderson.mann/.m2/repository"/>
    <property name="java.vendor.url.bug" value="https://bugs.launchpad.net/ubuntu/+source/openjdk-lts"/>
    <property name="java.io.tmpdir" value="/tmp"/>
    <property name="java.version" value="11.0.9.1"/>
    <property name="user.dir" value="/home/anderson.mann/git/cloud-web-automation-test/web-desktop-automated-test"/>
    <property name="os.arch" value="amd64"/>
    <property name="java.vm.specification.name" value="Java Virtual Machine Specification"/>
    <property name="java.awt.printerjob" value="sun.print.PSPrinterJob"/>
    <property name="user.language.format" value="pt"/>
    <property name="sun.os.patch.level" value="unknown"/>
    <property name="java.library.path" value="/usr/java/packages/lib:/usr/lib/x86_64-linux-gnu/jni:/lib/x86_64-linux-gnu:/usr/lib/x86_64-linux-gnu:/usr/lib/jni:/lib:/usr/lib"/>
    <property name="java.vm.info" value="mixed mode, sharing"/>
    <property name="java.vendor" value="Ubuntu"/>
    <property name="java.vm.version" value="11.0.9.1+1-Ubuntu-0ubuntu1.20.04"/>
    <property name="sun.io.unicode.encoding" value="UnicodeLittle"/>
    <property name="java.class.version" value="55.0"/>
  </properties>
  <testcase name="requiredFields[, ](1)" classname="test.LoginTest" time="16.617">
    <system-out><![CDATA[Directory already exists: /home/anderson.mann/git/cloud-web-automation-test/web-desktop-automated-test/TestReport
*** Test Suite Login - windows 10 - Chrome 84 started ***
*** Running test method requiredFields...
*** Executed requiredFields test successfully...
]]></system-out>
    <system-err><![CDATA[Dec 17, 2020 4:10:53 PM org.openqa.selenium.remote.ProtocolHandshake createSession
INFO: Detected dialect: OSS
]]></system-err>
  </testcase>
  <testcase name="requiredFields[, ](1)" classname="test.LoginTest" time="7.412">
    <system-out><![CDATA[*** Test Suite Login - windows 10 - Chrome 84 ending ***
*** Test Suite Login - windows 10 - Firefox 80 started ***
*** Running test method requiredFields...
*** Executed requiredFields test successfully...
]]></system-out>
    <system-err><![CDATA[Dec 17, 2020 4:14:22 PM org.openqa.selenium.remote.ProtocolHandshake createSession
INFO: Detected dialect: W3C
]]></system-err>
  </testcase>
  <testcase name="requiredFields[, ](1)" classname="test.LoginTest" time="8.38">
    <system-out><![CDATA[*** Test Suite Login - windows 10 - Firefox 80 ending ***
*** Test Suite Login - windows 10 - Edge 85 started ***
*** Running test method requiredFields...
*** Executed requiredFields test successfully...
]]></system-out>
    <system-err><![CDATA[Dec 17, 2020 4:17:53 PM org.openqa.selenium.remote.ProtocolHandshake createSession
INFO: Detected dialect: OSS
]]></system-err>
  </testcase>
  <testcase name="requiredFields[, ](1)" classname="test.LoginTest" time="5.103">
    <system-out><![CDATA[*** Test Suite Login - windows 10 - Edge 85 ending ***
*** Test Suite Login - OS X Catalina - Firefox 80 started ***
*** Running test method requiredFields...
*** Executed requiredFields test successfully...
]]></system-out>
    <system-err><![CDATA[Dec 17, 2020 4:20:59 PM org.openqa.selenium.remote.ProtocolHandshake createSession
INFO: Detected dialect: W3C
]]></system-err>
  </testcase>
  <testcase name="requiredFields[, ](1)" classname="test.LoginTest" time="5.317">
    <system-out><![CDATA[*** Test Suite Login - OS X Catalina - Firefox 80 ending ***
*** Test Suite Login - OS X Catalina - Chrome 85 started ***
*** Running test method requiredFields...
*** Executed requiredFields test successfully...
]]></system-out>
    <system-err><![CDATA[Dec 17, 2020 4:23:44 PM org.openqa.selenium.remote.ProtocolHandshake createSession
INFO: Detected dialect: OSS
]]></system-err>
  </testcase>
  <testcase name="requiredFields[, ](1)" classname="test.LoginTest" time="3.21">
    <system-out><![CDATA[*** Test Suite Login - OS X Catalina - Chrome 85 ending ***
*** Test Suite Login - OS X Catalina - Safari 13.1 started ***
*** Running test method requiredFields...
*** Executed requiredFields test successfully...
]]></system-out>
    <system-err><![CDATA[Dec 17, 2020 4:25:38 PM org.openqa.selenium.remote.ProtocolHandshake createSession
INFO: Detected dialect: W3C
]]></system-err>
  </testcase>
  <testcase name="invalidEmail1[dasdasdasdasd, ](1)" classname="test.LoginTest" time="8.184">
    <system-out><![CDATA[*** Running test method invalidEmail1...
*** Executed invalidEmail1 test successfully...
]]></system-out>
    <system-err><![CDATA[Dec 17, 2020 4:11:24 PM org.openqa.selenium.remote.ProtocolHandshake createSession
INFO: Detected dialect: OSS
]]></system-err>
  </testcase>
  <testcase name="invalidEmail1[dasdasdasdasd, ](1)" classname="test.LoginTest" time="5.581">
    <system-out><![CDATA[*** Running test method invalidEmail1...
*** Executed invalidEmail1 test successfully...
]]></system-out>
    <system-err><![CDATA[Dec 17, 2020 4:14:56 PM org.openqa.selenium.remote.ProtocolHandshake createSession
INFO: Detected dialect: W3C
]]></system-err>
  </testcase>
  <testcase name="invalidEmail1[dasdasdasdasd, ](1)" classname="test.LoginTest" time="8.101">
    <system-out><![CDATA[*** Running test method invalidEmail1...
*** Executed invalidEmail1 test successfully...
]]></system-out>
    <system-err><![CDATA[Dec 17, 2020 4:18:39 PM org.openqa.selenium.remote.ProtocolHandshake createSession
INFO: Detected dialect: OSS
]]></system-err>
  </testcase>
  <testcase name="invalidEmail1[dasdasdasdasd, ](1)" classname="test.LoginTest" time="4.55">
    <system-out><![CDATA[*** Running test method invalidEmail1...
*** Executed invalidEmail1 test successfully...
]]></system-out>
    <system-err><![CDATA[Dec 17, 2020 4:21:18 PM org.openqa.selenium.remote.ProtocolHandshake createSession
INFO: Detected dialect: W3C
]]></system-err>
  </testcase>
  <testcase name="invalidEmail1[dasdasdasdasd, ](1)" classname="test.LoginTest" time="5.415">
    <system-out><![CDATA[*** Running test method invalidEmail1...
*** Executed invalidEmail1 test successfully...
]]></system-out>
    <system-err><![CDATA[Dec 17, 2020 4:23:59 PM org.openqa.selenium.remote.ProtocolHandshake createSession
INFO: Detected dialect: OSS
]]></system-err>
  </testcase>
  <testcase name="invalidEmail1[dasdasdasdasd, ](1)" classname="test.LoginTest" time="3.221">
    <system-out><![CDATA[*** Running test method invalidEmail1...
*** Executed invalidEmail1 test successfully...
]]></system-out>
    <system-err><![CDATA[Dec 17, 2020 4:25:54 PM org.openqa.selenium.remote.ProtocolHandshake createSession
INFO: Detected dialect: W3C
]]></system-err>
  </testcase>
  <testcase name="invalidEmail2[mr.robot@, Zenvia@2020](1)" classname="test.LoginTest" time="10.568">
    <system-out><![CDATA[*** Running test method invalidEmail2...
*** Executed invalidEmail2 test successfully...
]]></system-out>
    <system-err><![CDATA[Dec 17, 2020 4:11:53 PM org.openqa.selenium.remote.ProtocolHandshake createSession
INFO: Detected dialect: OSS
]]></system-err>
  </testcase>
  <testcase name="invalidEmail2[mr.robot@, Zenvia@2020](1)" classname="test.LoginTest" time="5.481">
    <system-out><![CDATA[*** Running test method invalidEmail2...
*** Executed invalidEmail2 test successfully...
]]></system-out>
    <system-err><![CDATA[Dec 17, 2020 4:15:23 PM org.openqa.selenium.remote.ProtocolHandshake createSession
INFO: Detected dialect: W3C
]]></system-err>
  </testcase>
  <testcase name="invalidEmail2[mr.robot@, Zenvia@2020](1)" classname="test.LoginTest" time="7.947">
    <system-out><![CDATA[*** Running test method invalidEmail2...
*** Executed invalidEmail2 test successfully...
]]></system-out>
    <system-err><![CDATA[Dec 17, 2020 4:19:11 PM org.openqa.selenium.remote.ProtocolHandshake createSession
INFO: Detected dialect: OSS
]]></system-err>
  </testcase>
  <testcase name="invalidEmail2[mr.robot@, Zenvia@2020](1)" classname="test.LoginTest" time="4.75">
    <system-out><![CDATA[*** Running test method invalidEmail2...
*** Executed invalidEmail2 test successfully...
]]></system-out>
    <system-err><![CDATA[Dec 17, 2020 4:21:37 PM org.openqa.selenium.remote.ProtocolHandshake createSession
INFO: Detected dialect: W3C
]]></system-err>
  </testcase>
  <testcase name="invalidEmail2[mr.robot@, Zenvia@2020](1)" classname="test.LoginTest" time="5.97">
    <system-out><![CDATA[*** Running test method invalidEmail2...
*** Executed invalidEmail2 test successfully...
]]></system-out>
    <system-err><![CDATA[Dec 17, 2020 4:24:11 PM org.openqa.selenium.remote.ProtocolHandshake createSession
INFO: Detected dialect: OSS
]]></system-err>
  </testcase>
  <testcase name="invalidEmail2[mr.robot@, Zenvia@2020](1)" classname="test.LoginTest" time="2.877">
    <system-out><![CDATA[*** Running test method invalidEmail2...
*** Executed invalidEmail2 test successfully...
]]></system-out>
    <system-err><![CDATA[Dec 17, 2020 4:26:20 PM org.openqa.selenium.remote.ProtocolHandshake createSession
INFO: Detected dialect: W3C
]]></system-err>
  </testcase>
  <testcase name="invalidEmail3[mr.robot@gmail, Zenvia@2020](1)" classname="test.LoginTest" time="8.404">
    <system-out><![CDATA[*** Running test method invalidEmail3...
*** Executed invalidEmail3 test successfully...
]]></system-out>
    <system-err><![CDATA[Dec 17, 2020 4:12:21 PM org.openqa.selenium.remote.ProtocolHandshake createSession
INFO: Detected dialect: OSS
]]></system-err>
  </testcase>
  <testcase name="invalidEmail3[mr.robot@gmail, Zenvia@2020](1)" classname="test.LoginTest" time="5.406">
    <system-out><![CDATA[*** Running test method invalidEmail3...
*** Executed invalidEmail3 test successfully...
]]></system-out>
    <system-err><![CDATA[Dec 17, 2020 4:15:56 PM org.openqa.selenium.remote.ProtocolHandshake createSession
INFO: Detected dialect: W3C
]]></system-err>
  </testcase>
  <testcase name="invalidEmail3[mr.robot@gmail, Zenvia@2020](1)" classname="test.LoginTest" time="5.824">
    <system-out><![CDATA[*** Running test method invalidEmail3...
*** Executed invalidEmail3 test successfully...
]]></system-out>
    <system-err><![CDATA[Dec 17, 2020 4:19:33 PM org.openqa.selenium.remote.ProtocolHandshake createSession
INFO: Detected dialect: OSS
]]></system-err>
  </testcase>
  <testcase name="invalidEmail3[mr.robot@gmail, Zenvia@2020](1)" classname="test.LoginTest" time="6.74">
    <system-out><![CDATA[*** Running test method invalidEmail3...
*** Executed invalidEmail3 test successfully...
]]></system-out>
    <system-err><![CDATA[Dec 17, 2020 4:22:04 PM org.openqa.selenium.remote.ProtocolHandshake createSession
INFO: Detected dialect: W3C
]]></system-err>
  </testcase>
  <testcase name="invalidEmail3[mr.robot@gmail, Zenvia@2020](1)" classname="test.LoginTest" time="5.476">
    <system-out><![CDATA[*** Running test method invalidEmail3...
*** Executed invalidEmail3 test successfully...
]]></system-out>
    <system-err><![CDATA[Dec 17, 2020 4:24:28 PM org.openqa.selenium.remote.ProtocolHandshake createSession
INFO: Detected dialect: OSS
]]></system-err>
  </testcase>
  <testcase name="invalidEmail3[mr.robot@gmail, Zenvia@2020](1)" classname="test.LoginTest" time="2.837">
    <system-out><![CDATA[*** Running test method invalidEmail3...
*** Executed invalidEmail3 test successfully...
]]></system-out>
    <system-err><![CDATA[Dec 17, 2020 4:26:35 PM org.openqa.selenium.remote.ProtocolHandshake createSession
INFO: Detected dialect: W3C
]]></system-err>
  </testcase>
  <testcase name="invalidPassword[mr.robot@robot.com, abcde12345](1)" classname="test.LoginTest" time="10.692">
    <system-out><![CDATA[*** Running test method invalidPassword...
*** Executed invalidPassword test successfully...
]]></system-out>
    <system-err><![CDATA[Dec 17, 2020 4:12:47 PM org.openqa.selenium.remote.ProtocolHandshake createSession
INFO: Detected dialect: OSS
]]></system-err>
  </testcase>
  <testcase name="invalidPassword[mr.robot@robot.com, abcde12345](1)" classname="test.LoginTest" time="5.57">
    <system-out><![CDATA[*** Running test method invalidPassword...
*** Executed invalidPassword test successfully...
]]></system-out>
    <system-err><![CDATA[Dec 17, 2020 4:16:18 PM org.openqa.selenium.remote.ProtocolHandshake createSession
INFO: Detected dialect: W3C
]]></system-err>
  </testcase>
  <testcase name="invalidPassword[mr.robot@robot.com, abcde12345](1)" classname="test.LoginTest" time="6.79">
    <system-out><![CDATA[*** Running test method invalidPassword...
*** Executed invalidPassword test successfully...
]]></system-out>
    <system-err><![CDATA[Dec 17, 2020 4:19:56 PM org.openqa.selenium.remote.ProtocolHandshake createSession
INFO: Detected dialect: OSS
]]></system-err>
  </testcase>
  <testcase name="invalidPassword[mr.robot@robot.com, abcde12345](1)" classname="test.LoginTest" time="4.901">
    <system-out><![CDATA[*** Running test method invalidPassword...
*** Executed invalidPassword test successfully...
]]></system-out>
    <system-err><![CDATA[Dec 17, 2020 4:22:32 PM org.openqa.selenium.remote.ProtocolHandshake createSession
INFO: Detected dialect: W3C
]]></system-err>
  </testcase>
  <testcase name="invalidPassword[mr.robot@robot.com, abcde12345](1)" classname="test.LoginTest" time="5.674">
    <failure message="expected [Wrong email or password.] but found []" type="java.lang.AssertionError"><![CDATA[java.lang.AssertionError: expected [Wrong email or password.] but found []
	at test.LoginTest.invalidPassword(LoginTest.java:85)
]]></failure>
    <system-out><![CDATA[*** Running test method invalidPassword...
*** Test execution invalidPassword failed...
]]></system-out>
    <system-err><![CDATA[Dec 17, 2020 4:24:41 PM org.openqa.selenium.remote.ProtocolHandshake createSession
INFO: Detected dialect: OSS
]]></system-err>
  </testcase>
  <testcase name="invalidPassword[mr.robot@robot.com, abcde12345](1)" classname="test.LoginTest" time="2.906">
    <system-out><![CDATA[*** Running test method invalidPassword...
*** Executed invalidPassword test successfully...
]]></system-out>
    <system-err><![CDATA[Dec 17, 2020 4:27:00 PM org.openqa.selenium.remote.ProtocolHandshake createSession
INFO: Detected dialect: W3C
]]></system-err>
  </testcase>
  <testcase name="loginSuccessfully[mr.robot@robots.com, Zenvia@2020](1)" classname="test.LoginTest" time="30.794">
    <failure message="Element not found: no such element: Unable to locate element: {&quot;method&quot;:&quot;xpath&quot;,&quot;selector&quot;:&quot;//span[contains(text(),&apos;Início&apos;)]&quot;}&#10;  (Session info: chrome=84.0.4147.89)&#10;  (Driver info: chromedriver=84.0.4147.30 (48b3e868b4cc0aa7e8149519690b6f6949e110a8-refs/branch-heads/4147@{#310}),platform=Windows NT 10.0.18363 x86_64) (WARNING: The server did not provide any stacktrace information)&#10;Command duration or timeout: 20.02 seconds&#10;For documentation on this error, please visit: http://seleniumhq.org/exceptions/no_such_element.html&#10;Build info: version: &apos;2.53.0&apos;, revision: &apos;35ae25b&apos;, time: &apos;2016-03-15 17:00:58&apos;&#10;System info: host: &apos;208-78-111-84&apos;, ip: &apos;208.78.111.84&apos;, os.name: &apos;windows&apos;, os.arch: &apos;x86&apos;, os.version: &apos;10.0&apos;, java.version: &apos;1.8.0_181&apos;&#10;Driver info: org.openqa.selenium.chrome.ChromeDriver&#10;Capabilities [{mobileEmulationEnabled=false, timeouts={implicit=0, pageLoad=300000, script=30000}, hasTouchScreen=false, platform=XP, acceptSslCerts=false, goog:chromeOptions={debuggerAddress=localhost:1787}, acceptInsecureCerts=false, webStorageEnabled=true, browserName=chrome, takesScreenshot=true, javascriptEnabled=true, setWindowRect=true, unexpectedAlertBehaviour=ignore, applicationCacheEnabled=false, rotatable=false, networkConnectionEnabled=false, chrome={chromedriverVersion=84.0.4147.30 (48b3e868b4cc0aa7e8149519690b6f6949e110a8-refs/branch-heads/4147@{#310}), userDataDir=C:\Windows\proxy\scoped_dir9948_1968941234}, takesHeapSnapshot=true, pageLoadStrategy=normal, strictFileInteractability=false, databaseEnabled=false, handlesAlerts=true, version=84.0.4147.89, browserConnectionEnabled=false, proxy={}, nativeEvents=true, locationContextEnabled=true, cssSelectorsEnabled=true, webauthn:virtualAuthenticators=true}]&#10;Session ID: 1ed67c9ab30e1c3df1000949bc54d815&#10;*** Element info: {Using=xpath, value=//span[contains(text(),&apos;Início&apos;)]}&#10;Command duration or timeout: 0 milliseconds&#10;For documentation on this error, please visit: https://www.seleniumhq.org/exceptions/no_such_element.html&#10;Build info: version: &apos;3.141.59&apos;, revision: &apos;e82be7d358&apos;, time: &apos;2018-11-14T08:17:03&apos;&#10;System info: host: &apos;zenvia-001965&apos;, ip: &apos;127.0.1.1&apos;, os.name: &apos;Linux&apos;, os.arch: &apos;amd64&apos;, os.version: &apos;5.4.0-58-generic&apos;, java.version: &apos;11.0.9.1&apos;&#10;Driver info: driver.version: unknown" type="org.openqa.selenium.NoSuchElementException"><![CDATA[org.openqa.selenium.NoSuchElementException: 
Element not found: no such element: Unable to locate element: {"method":"xpath","selector":"//span[contains(text(),'Início')]"}
  (Session info: chrome=84.0.4147.89)
  (Driver info: chromedriver=84.0.4147.30 (48b3e868b4cc0aa7e8149519690b6f6949e110a8-refs/branch-heads/4147@{#310}),platform=Windows NT 10.0.18363 x86_64) (WARNING: The server did not provide any stacktrace information)
Command duration or timeout: 20.02 seconds
For documentation on this error, please visit: http://seleniumhq.org/exceptions/no_such_element.html
Build info: version: '2.53.0', revision: '35ae25b', time: '2016-03-15 17:00:58'
System info: host: '208-78-111-84', ip: '208.78.111.84', os.name: 'windows', os.arch: 'x86', os.version: '10.0', java.version: '1.8.0_181'
Driver info: org.openqa.selenium.chrome.ChromeDriver
Capabilities [{mobileEmulationEnabled=false, timeouts={implicit=0, pageLoad=300000, script=30000}, hasTouchScreen=false, platform=XP, acceptSslCerts=false, goog:chromeOptions={debuggerAddress=localhost:1787}, acceptInsecureCerts=false, webStorageEnabled=true, browserName=chrome, takesScreenshot=true, javascriptEnabled=true, setWindowRect=true, unexpectedAlertBehaviour=ignore, applicationCacheEnabled=false, rotatable=false, networkConnectionEnabled=false, chrome={chromedriverVersion=84.0.4147.30 (48b3e868b4cc0aa7e8149519690b6f6949e110a8-refs/branch-heads/4147@{#310}), userDataDir=C:\Windows\proxy\scoped_dir9948_1968941234}, takesHeapSnapshot=true, pageLoadStrategy=normal, strictFileInteractability=false, databaseEnabled=false, handlesAlerts=true, version=84.0.4147.89, browserConnectionEnabled=false, proxy={}, nativeEvents=true, locationContextEnabled=true, cssSelectorsEnabled=true, webauthn:virtualAuthenticators=true}]
Session ID: 1ed67c9ab30e1c3df1000949bc54d815
*** Element info: {Using=xpath, value=//span[contains(text(),'Início')]}
Command duration or timeout: 0 milliseconds
For documentation on this error, please visit: https://www.seleniumhq.org/exceptions/no_such_element.html
Build info: version: '3.141.59', revision: 'e82be7d358', time: '2018-11-14T08:17:03'
System info: host: 'zenvia-001965', ip: '127.0.1.1', os.name: 'Linux', os.arch: 'amd64', os.version: '5.4.0-58-generic', java.version: '11.0.9.1'
Driver info: driver.version: unknown
	at test.LoginTest.loginSuccessfully(LoginTest.java:92)
]]></failure>
    <system-out><![CDATA[*** Running test method loginSuccessfully...
*** Test execution loginSuccessfully failed...
]]></system-out>
    <system-err><![CDATA[Dec 17, 2020 4:13:17 PM org.openqa.selenium.remote.ProtocolHandshake createSession
INFO: Detected dialect: OSS
]]></system-err>
  </testcase>
  <testcase name="loginSuccessfully[mr.robot@robots.com, Zenvia@2020](1)" classname="test.LoginTest" time="24.583">
    <failure message="Element not found: Unable to locate element: //span[contains(text(),&apos;Início&apos;)]&#10;For documentation on this error, please visit: https://www.seleniumhq.org/exceptions/no_such_element.html&#10;Build info: version: &apos;3.141.59&apos;, revision: &apos;e82be7d358&apos;, time: &apos;2018-11-14T08:17:03&apos;&#10;System info: host: &apos;zenvia-001965&apos;, ip: &apos;127.0.1.1&apos;, os.name: &apos;Linux&apos;, os.arch: &apos;amd64&apos;, os.version: &apos;5.4.0-58-generic&apos;, java.version: &apos;11.0.9.1&apos;&#10;Driver info: org.openqa.selenium.remote.RemoteWebDriver&#10;Capabilities {acceptInsecureCerts: true, browserName: firefox, browserVersion: 80.0, javascriptEnabled: true, moz:accessibilityChecks: false, moz:buildID: 20200818235255, moz:geckodriverVersion: 0.27.0, moz:headless: false, moz:processID: 8776, moz:profile: C:\Windows\proxy\rust_mozpr..., moz:shutdownTimeout: 60000, moz:useNonSpecCompliantPointerOrigin: false, moz:webdriverClick: true, pageLoadStrategy: normal, platform: WINDOWS, platformName: WINDOWS, platformVersion: 10.0, rotatable: false, setWindowRect: true, strictFileInteractability: false, timeouts: {implicit: 0, pageLoad: 300000, script: 30000}, unhandledPromptBehavior: dismiss and notify, webdriver.remote.sessionid: 1653c0bcfe7fe1e42580abafbf1...}&#10;Session ID: 1653c0bcfe7fe1e42580abafbf197b8a3deaac83&#10;*** Element info: {Using=xpath, value=//span[contains(text(),&apos;Início&apos;)]}&#10;For documentation on this error, please visit: https://www.seleniumhq.org/exceptions/no_such_element.html&#10;Build info: version: &apos;3.141.59&apos;, revision: &apos;e82be7d358&apos;, time: &apos;2018-11-14T08:17:03&apos;&#10;System info: host: &apos;zenvia-001965&apos;, ip: &apos;127.0.1.1&apos;, os.name: &apos;Linux&apos;, os.arch: &apos;amd64&apos;, os.version: &apos;5.4.0-58-generic&apos;, java.version: &apos;11.0.9.1&apos;&#10;Driver info: driver.version: unknown" type="org.openqa.selenium.NoSuchElementException"><![CDATA[org.openqa.selenium.NoSuchElementException: 
Element not found: Unable to locate element: //span[contains(text(),'Início')]
For documentation on this error, please visit: https://www.seleniumhq.org/exceptions/no_such_element.html
Build info: version: '3.141.59', revision: 'e82be7d358', time: '2018-11-14T08:17:03'
System info: host: 'zenvia-001965', ip: '127.0.1.1', os.name: 'Linux', os.arch: 'amd64', os.version: '5.4.0-58-generic', java.version: '11.0.9.1'
Driver info: org.openqa.selenium.remote.RemoteWebDriver
Capabilities {acceptInsecureCerts: true, browserName: firefox, browserVersion: 80.0, javascriptEnabled: true, moz:accessibilityChecks: false, moz:buildID: 20200818235255, moz:geckodriverVersion: 0.27.0, moz:headless: false, moz:processID: 8776, moz:profile: C:\Windows\proxy\rust_mozpr..., moz:shutdownTimeout: 60000, moz:useNonSpecCompliantPointerOrigin: false, moz:webdriverClick: true, pageLoadStrategy: normal, platform: WINDOWS, platformName: WINDOWS, platformVersion: 10.0, rotatable: false, setWindowRect: true, strictFileInteractability: false, timeouts: {implicit: 0, pageLoad: 300000, script: 30000}, unhandledPromptBehavior: dismiss and notify, webdriver.remote.sessionid: 1653c0bcfe7fe1e42580abafbf1...}
Session ID: 1653c0bcfe7fe1e42580abafbf197b8a3deaac83
*** Element info: {Using=xpath, value=//span[contains(text(),'Início')]}
For documentation on this error, please visit: https://www.seleniumhq.org/exceptions/no_such_element.html
Build info: version: '3.141.59', revision: 'e82be7d358', time: '2018-11-14T08:17:03'
System info: host: 'zenvia-001965', ip: '127.0.1.1', os.name: 'Linux', os.arch: 'amd64', os.version: '5.4.0-58-generic', java.version: '11.0.9.1'
Driver info: driver.version: unknown
	at test.LoginTest.loginSuccessfully(LoginTest.java:92)
]]></failure>
    <system-out><![CDATA[*** Running test method loginSuccessfully...
*** Test execution loginSuccessfully failed...
]]></system-out>
    <system-err><![CDATA[Dec 17, 2020 4:16:52 PM org.openqa.selenium.remote.ProtocolHandshake createSession
INFO: Detected dialect: W3C
]]></system-err>
  </testcase>
  <testcase name="loginSuccessfully[mr.robot@robots.com, Zenvia@2020](1)" classname="test.LoginTest" time="27.376">
    <failure message="Element not found: no such element: Unable to locate element: {&quot;method&quot;:&quot;xpath&quot;,&quot;selector&quot;:&quot;//span[contains(text(),&apos;Início&apos;)]&quot;}&#10;  (Session info: MicrosoftEdge=85.0.564.41)&#10;For documentation on this error, please visit: https://www.seleniumhq.org/exceptions/no_such_element.html&#10;Build info: version: &apos;3.141.59&apos;, revision: &apos;e82be7d358&apos;, time: &apos;2018-11-14T08:25:53&apos;&#10;System info: host: &apos;199-7-165-23&apos;, ip: &apos;199.7.165.23&apos;, os.name: &apos;windows&apos;, os.arch: &apos;x86&apos;, os.version: &apos;10.0&apos;, java.version: &apos;1.8.0_181&apos;&#10;Driver info: driver.version: unknown&#10;Command duration or timeout: 0 milliseconds&#10;For documentation on this error, please visit: https://www.seleniumhq.org/exceptions/no_such_element.html&#10;Build info: version: &apos;3.141.59&apos;, revision: &apos;e82be7d358&apos;, time: &apos;2018-11-14T08:17:03&apos;&#10;System info: host: &apos;zenvia-001965&apos;, ip: &apos;127.0.1.1&apos;, os.name: &apos;Linux&apos;, os.arch: &apos;amd64&apos;, os.version: &apos;5.4.0-58-generic&apos;, java.version: &apos;11.0.9.1&apos;&#10;Driver info: driver.version: unknown" type="org.openqa.selenium.NoSuchElementException"><![CDATA[org.openqa.selenium.NoSuchElementException: 
Element not found: no such element: Unable to locate element: {"method":"xpath","selector":"//span[contains(text(),'Início')]"}
  (Session info: MicrosoftEdge=85.0.564.41)
For documentation on this error, please visit: https://www.seleniumhq.org/exceptions/no_such_element.html
Build info: version: '3.141.59', revision: 'e82be7d358', time: '2018-11-14T08:25:53'
System info: host: '199-7-165-23', ip: '199.7.165.23', os.name: 'windows', os.arch: 'x86', os.version: '10.0', java.version: '1.8.0_181'
Driver info: driver.version: unknown
Command duration or timeout: 0 milliseconds
For documentation on this error, please visit: https://www.seleniumhq.org/exceptions/no_such_element.html
Build info: version: '3.141.59', revision: 'e82be7d358', time: '2018-11-14T08:17:03'
System info: host: 'zenvia-001965', ip: '127.0.1.1', os.name: 'Linux', os.arch: 'amd64', os.version: '5.4.0-58-generic', java.version: '11.0.9.1'
Driver info: driver.version: unknown
	at test.LoginTest.loginSuccessfully(LoginTest.java:92)
]]></failure>
    <system-out><![CDATA[*** Running test method loginSuccessfully...
*** Test execution loginSuccessfully failed...
]]></system-out>
    <system-err><![CDATA[Dec 17, 2020 4:20:15 PM org.openqa.selenium.remote.ProtocolHandshake createSession
INFO: Detected dialect: OSS
]]></system-err>
  </testcase>
  <testcase name="loginSuccessfully[mr.robot@robots.com, Zenvia@2020](1)" classname="test.LoginTest" time="25.271">
    <failure message="Element not found: Unable to locate element: //span[contains(text(),&apos;Início&apos;)]&#10;For documentation on this error, please visit: https://www.seleniumhq.org/exceptions/no_such_element.html&#10;Build info: version: &apos;3.141.59&apos;, revision: &apos;e82be7d358&apos;, time: &apos;2018-11-14T08:17:03&apos;&#10;System info: host: &apos;zenvia-001965&apos;, ip: &apos;127.0.1.1&apos;, os.name: &apos;Linux&apos;, os.arch: &apos;amd64&apos;, os.version: &apos;5.4.0-58-generic&apos;, java.version: &apos;11.0.9.1&apos;&#10;Driver info: org.openqa.selenium.remote.RemoteWebDriver&#10;Capabilities {acceptInsecureCerts: true, browserName: firefox, browserVersion: 80.0, javascriptEnabled: true, moz:accessibilityChecks: false, moz:buildID: 20200818235255, moz:geckodriverVersion: 0.27.0, moz:headless: false, moz:processID: 41894, moz:profile: /var/folders/3y/zz_w6_s56sl..., moz:shutdownTimeout: 60000, moz:useNonSpecCompliantPointerOrigin: false, moz:webdriverClick: true, pageLoadStrategy: normal, platform: MAC, platformName: MAC, platformVersion: 19.6.0, rotatable: false, setWindowRect: true, strictFileInteractability: false, timeouts: {implicit: 0, pageLoad: 300000, script: 30000}, unhandledPromptBehavior: dismiss and notify, webdriver.remote.sessionid: a7934c1df2e5d87485e87fc8a37...}&#10;Session ID: a7934c1df2e5d87485e87fc8a37edc1c5c467b2a&#10;*** Element info: {Using=xpath, value=//span[contains(text(),&apos;Início&apos;)]}&#10;For documentation on this error, please visit: https://www.seleniumhq.org/exceptions/no_such_element.html&#10;Build info: version: &apos;3.141.59&apos;, revision: &apos;e82be7d358&apos;, time: &apos;2018-11-14T08:17:03&apos;&#10;System info: host: &apos;zenvia-001965&apos;, ip: &apos;127.0.1.1&apos;, os.name: &apos;Linux&apos;, os.arch: &apos;amd64&apos;, os.version: &apos;5.4.0-58-generic&apos;, java.version: &apos;11.0.9.1&apos;&#10;Driver info: driver.version: unknown" type="org.openqa.selenium.NoSuchElementException"><![CDATA[org.openqa.selenium.NoSuchElementException: 
Element not found: Unable to locate element: //span[contains(text(),'Início')]
For documentation on this error, please visit: https://www.seleniumhq.org/exceptions/no_such_element.html
Build info: version: '3.141.59', revision: 'e82be7d358', time: '2018-11-14T08:17:03'
System info: host: 'zenvia-001965', ip: '127.0.1.1', os.name: 'Linux', os.arch: 'amd64', os.version: '5.4.0-58-generic', java.version: '11.0.9.1'
Driver info: org.openqa.selenium.remote.RemoteWebDriver
Capabilities {acceptInsecureCerts: true, browserName: firefox, browserVersion: 80.0, javascriptEnabled: true, moz:accessibilityChecks: false, moz:buildID: 20200818235255, moz:geckodriverVersion: 0.27.0, moz:headless: false, moz:processID: 41894, moz:profile: /var/folders/3y/zz_w6_s56sl..., moz:shutdownTimeout: 60000, moz:useNonSpecCompliantPointerOrigin: false, moz:webdriverClick: true, pageLoadStrategy: normal, platform: MAC, platformName: MAC, platformVersion: 19.6.0, rotatable: false, setWindowRect: true, strictFileInteractability: false, timeouts: {implicit: 0, pageLoad: 300000, script: 30000}, unhandledPromptBehavior: dismiss and notify, webdriver.remote.sessionid: a7934c1df2e5d87485e87fc8a37...}
Session ID: a7934c1df2e5d87485e87fc8a37edc1c5c467b2a
*** Element info: {Using=xpath, value=//span[contains(text(),'Início')]}
For documentation on this error, please visit: https://www.seleniumhq.org/exceptions/no_such_element.html
Build info: version: '3.141.59', revision: 'e82be7d358', time: '2018-11-14T08:17:03'
System info: host: 'zenvia-001965', ip: '127.0.1.1', os.name: 'Linux', os.arch: 'amd64', os.version: '5.4.0-58-generic', java.version: '11.0.9.1'
Driver info: driver.version: unknown
	at test.LoginTest.loginSuccessfully(LoginTest.java:92)
]]></failure>
    <system-out><![CDATA[*** Running test method loginSuccessfully...
*** Test execution loginSuccessfully failed...
]]></system-out>
    <system-err><![CDATA[Dec 17, 2020 4:22:54 PM org.openqa.selenium.remote.ProtocolHandshake createSession
INFO: Detected dialect: W3C
]]></system-err>
  </testcase>
  <testcase name="loginSuccessfully[mr.robot@robots.com, Zenvia@2020](1)" classname="test.LoginTest" time="25.921">
    <failure message="Element not found: no such element: Unable to locate element: {&quot;method&quot;:&quot;xpath&quot;,&quot;selector&quot;:&quot;//span[contains(text(),&apos;Início&apos;)]&quot;}&#10;  (Session info: chrome=85.0.4183.83)&#10;  (Driver info: chromedriver=85.0.4183.38 (9047dbc2c693f044042bbec5c91401c708c7c26a-refs/branch-heads/4183@{#779}),platform=Mac OS X 10.15.6 x86_64) (WARNING: The server did not provide any stacktrace information)&#10;Command duration or timeout: 20.18 seconds&#10;For documentation on this error, please visit: http://seleniumhq.org/exceptions/no_such_element.html&#10;Build info: version: &apos;2.53.0&apos;, revision: &apos;35ae25b&apos;, time: &apos;2016-03-15 17:00:58&apos;&#10;System info: host: &apos;mac-208-52-145-214.browserstack.com&apos;, ip: &apos;208.52.145.214&apos;, os.name: &apos;Mac OS X&apos;, os.arch: &apos;x86_64&apos;, os.version: &apos;10.15.6&apos;, java.version: &apos;1.8.0_51&apos;&#10;Driver info: org.openqa.selenium.chrome.ChromeDriver&#10;Capabilities [{mobileEmulationEnabled=false, timeouts={implicit=0, pageLoad=300000, script=30000}, hasTouchScreen=false, platform=MAC, acceptSslCerts=false, goog:chromeOptions={debuggerAddress=localhost:62112}, acceptInsecureCerts=false, webStorageEnabled=true, browserName=chrome, takesScreenshot=true, javascriptEnabled=true, setWindowRect=true, unexpectedAlertBehaviour=ignore, applicationCacheEnabled=false, rotatable=false, networkConnectionEnabled=false, chrome={chromedriverVersion=85.0.4183.38 (9047dbc2c693f044042bbec5c91401c708c7c26a-refs/branch-heads/4183@{#779}), userDataDir=/var/folders/3y/zz_w6_s56sl__vcrf3r5bhzr0000hr/T/.com.google.Chrome.tNrLEv}, takesHeapSnapshot=true, pageLoadStrategy=normal, strictFileInteractability=false, databaseEnabled=false, handlesAlerts=true, version=85.0.4183.83, browserConnectionEnabled=false, proxy={}, nativeEvents=true, locationContextEnabled=true, cssSelectorsEnabled=true, webauthn:virtualAuthenticators=true}]&#10;Session ID: 95fc96520efee92b0a2e555c8bdbb6f2&#10;*** Element info: {Using=xpath, value=//span[contains(text(),&apos;Início&apos;)]}&#10;Command duration or timeout: 0 milliseconds&#10;For documentation on this error, please visit: https://www.seleniumhq.org/exceptions/no_such_element.html&#10;Build info: version: &apos;3.141.59&apos;, revision: &apos;e82be7d358&apos;, time: &apos;2018-11-14T08:17:03&apos;&#10;System info: host: &apos;zenvia-001965&apos;, ip: &apos;127.0.1.1&apos;, os.name: &apos;Linux&apos;, os.arch: &apos;amd64&apos;, os.version: &apos;5.4.0-58-generic&apos;, java.version: &apos;11.0.9.1&apos;&#10;Driver info: driver.version: unknown" type="org.openqa.selenium.NoSuchElementException"><![CDATA[org.openqa.selenium.NoSuchElementException: 
Element not found: no such element: Unable to locate element: {"method":"xpath","selector":"//span[contains(text(),'Início')]"}
  (Session info: chrome=85.0.4183.83)
  (Driver info: chromedriver=85.0.4183.38 (9047dbc2c693f044042bbec5c91401c708c7c26a-refs/branch-heads/4183@{#779}),platform=Mac OS X 10.15.6 x86_64) (WARNING: The server did not provide any stacktrace information)
Command duration or timeout: 20.18 seconds
For documentation on this error, please visit: http://seleniumhq.org/exceptions/no_such_element.html
Build info: version: '2.53.0', revision: '35ae25b', time: '2016-03-15 17:00:58'
System info: host: 'mac-208-52-145-214.browserstack.com', ip: '208.52.145.214', os.name: 'Mac OS X', os.arch: 'x86_64', os.version: '10.15.6', java.version: '1.8.0_51'
Driver info: org.openqa.selenium.chrome.ChromeDriver
Capabilities [{mobileEmulationEnabled=false, timeouts={implicit=0, pageLoad=300000, script=30000}, hasTouchScreen=false, platform=MAC, acceptSslCerts=false, goog:chromeOptions={debuggerAddress=localhost:62112}, acceptInsecureCerts=false, webStorageEnabled=true, browserName=chrome, takesScreenshot=true, javascriptEnabled=true, setWindowRect=true, unexpectedAlertBehaviour=ignore, applicationCacheEnabled=false, rotatable=false, networkConnectionEnabled=false, chrome={chromedriverVersion=85.0.4183.38 (9047dbc2c693f044042bbec5c91401c708c7c26a-refs/branch-heads/4183@{#779}), userDataDir=/var/folders/3y/zz_w6_s56sl__vcrf3r5bhzr0000hr/T/.com.google.Chrome.tNrLEv}, takesHeapSnapshot=true, pageLoadStrategy=normal, strictFileInteractability=false, databaseEnabled=false, handlesAlerts=true, version=85.0.4183.83, browserConnectionEnabled=false, proxy={}, nativeEvents=true, locationContextEnabled=true, cssSelectorsEnabled=true, webauthn:virtualAuthenticators=true}]
Session ID: 95fc96520efee92b0a2e555c8bdbb6f2
*** Element info: {Using=xpath, value=//span[contains(text(),'Início')]}
Command duration or timeout: 0 milliseconds
For documentation on this error, please visit: https://www.seleniumhq.org/exceptions/no_such_element.html
Build info: version: '3.141.59', revision: 'e82be7d358', time: '2018-11-14T08:17:03'
System info: host: 'zenvia-001965', ip: '127.0.1.1', os.name: 'Linux', os.arch: 'amd64', os.version: '5.4.0-58-generic', java.version: '11.0.9.1'
Driver info: driver.version: unknown
	at test.LoginTest.loginSuccessfully(LoginTest.java:92)
]]></failure>
    <system-out><![CDATA[*** Running test method loginSuccessfully...
*** Test execution loginSuccessfully failed...
]]></system-out>
    <system-err><![CDATA[Dec 17, 2020 4:24:59 PM org.openqa.selenium.remote.ProtocolHandshake createSession
INFO: Detected dialect: OSS
]]></system-err>
  </testcase>
  <testcase name="loginSuccessfully[mr.robot@robots.com, Zenvia@2020](1)" classname="test.LoginTest" time="3.379">
    <failure message="Element not found: &#10;Build info: version: &apos;3.141.59&apos;, revision: &apos;e82be7d358&apos;, time: &apos;2018-11-14T08:17:03&apos;&#10;System info: host: &apos;zenvia-001965&apos;, ip: &apos;127.0.1.1&apos;, os.name: &apos;Linux&apos;, os.arch: &apos;amd64&apos;, os.version: &apos;5.4.0-58-generic&apos;, java.version: &apos;11.0.9.1&apos;&#10;Driver info: org.openqa.selenium.remote.RemoteWebDriver&#10;Capabilities {acceptInsecureCerts: false, browserName: Safari, browserVersion: 13.1.2, javascriptEnabled: true, platform: MAC, platformName: MAC, safari:automaticInspection: false, safari:automaticProfiling: false, safari:diagnose: false, safari:platformBuildVersion: 19G2021, safari:platformVersion: 10.15.6, safari:useSimulator: false, setWindowRect: true, strictFileInteractability: false, webdriver.remote.sessionid: 3fdf8a6accdcd11d693ab98a6ba..., webkit:WebRTC: {DisableICECandidateFiltering: false, DisableInsecureMediaCapture: false}}&#10;Session ID: 3fdf8a6accdcd11d693ab98a6ba67aa680bc685d&#10;*** Element info: {Using=xpath, value=//span[contains(text(),&apos;Início&apos;)]}&#10;For documentation on this error, please visit: https://www.seleniumhq.org/exceptions/no_such_element.html&#10;Build info: version: &apos;3.141.59&apos;, revision: &apos;e82be7d358&apos;, time: &apos;2018-11-14T08:17:03&apos;&#10;System info: host: &apos;zenvia-001965&apos;, ip: &apos;127.0.1.1&apos;, os.name: &apos;Linux&apos;, os.arch: &apos;amd64&apos;, os.version: &apos;5.4.0-58-generic&apos;, java.version: &apos;11.0.9.1&apos;&#10;Driver info: driver.version: unknown" type="org.openqa.selenium.NoSuchElementException"><![CDATA[org.openqa.selenium.NoSuchElementException: 
Element not found: 
Build info: version: '3.141.59', revision: 'e82be7d358', time: '2018-11-14T08:17:03'
System info: host: 'zenvia-001965', ip: '127.0.1.1', os.name: 'Linux', os.arch: 'amd64', os.version: '5.4.0-58-generic', java.version: '11.0.9.1'
Driver info: org.openqa.selenium.remote.RemoteWebDriver
Capabilities {acceptInsecureCerts: false, browserName: Safari, browserVersion: 13.1.2, javascriptEnabled: true, platform: MAC, platformName: MAC, safari:automaticInspection: false, safari:automaticProfiling: false, safari:diagnose: false, safari:platformBuildVersion: 19G2021, safari:platformVersion: 10.15.6, safari:useSimulator: false, setWindowRect: true, strictFileInteractability: false, webdriver.remote.sessionid: 3fdf8a6accdcd11d693ab98a6ba..., webkit:WebRTC: {DisableICECandidateFiltering: false, DisableInsecureMediaCapture: false}}
Session ID: 3fdf8a6accdcd11d693ab98a6ba67aa680bc685d
*** Element info: {Using=xpath, value=//span[contains(text(),'Início')]}
For documentation on this error, please visit: https://www.seleniumhq.org/exceptions/no_such_element.html
Build info: version: '3.141.59', revision: 'e82be7d358', time: '2018-11-14T08:17:03'
System info: host: 'zenvia-001965', ip: '127.0.1.1', os.name: 'Linux', os.arch: 'amd64', os.version: '5.4.0-58-generic', java.version: '11.0.9.1'
Driver info: driver.version: unknown
	at test.LoginTest.loginSuccessfully(LoginTest.java:92)
]]></failure>
    <system-out><![CDATA[*** Running test method loginSuccessfully...
*** Test execution loginSuccessfully failed...
]]></system-out>
    <system-err><![CDATA[Dec 17, 2020 4:27:15 PM org.openqa.selenium.remote.ProtocolHandshake createSession
INFO: Detected dialect: W3C
]]></system-err>
  </testcase>
</testsuite>